<?xml version="1.0" encoding="UTF-8"?>
<!-- Generated by org.testng.reporters.JUnitXMLReporter -->
<testsuite ignored="42" hostname="DESKTOP-EM2UP6U" failures="2" tests="2" name="Test(failed)(failed)(failed)" time="45.861" errors="0" timestamp="2024-01-10T12:24:09 IST">
  <testcase classname="vendorLogin.Offers" name="CreateSlotOfferForParticular" time="10.832">
    <failure type="org.openqa.selenium.ElementClickInterceptedException" message="Element &amp;lt;p class=&amp;quot;MuiTypography-root MuiTypography-body1 css-jd79pv&amp;quot;&amp;gt; is not clickable at point (425,405) because another element &amp;lt;p class=&amp;quot;MuiTypography-root MuiTypography-body1 css-k36ljx&amp;quot;&amp;gt; obscures it
Build info: version: &amp;apos;4.16.1&amp;apos;, revision: &amp;apos;9b4c83354e&amp;apos;
System info: os.name: &amp;apos;Windows 10&amp;apos;, os.arch: &amp;apos;amd64&amp;apos;, os.version: &amp;apos;10.0&amp;apos;, java.version: &amp;apos;17.0.7&amp;apos;
Driver info: org.openqa.selenium.firefox.FirefoxDriver
Command: [6e1d4c1f-b9ee-47d5-8d5a-f7a600fd29c9, clickElement {id=d9615232-9848-4e2e-8857-595e4f31d734}]
Capabilities {acceptInsecureCerts: true, browserName: firefox, browserVersion: 121.0, moz:accessibilityChecks: false, moz:buildID: 20231211174248, moz:debuggerAddress: 127.0.0.1:15015, moz:geckodriverVersion: 0.33.0, moz:headless: false, moz:platformVersion: 10.0, moz:processID: 11660, moz:profile: C:\Users\Admin\AppData\Loca..., moz:shutdownTimeout: 60000, moz:webdriverClick: true, moz:windowless: false, pageLoadStrategy: normal, platformName: windows, proxy: Proxy(), se:cdp: ws://127.0.0.1:15015/devtoo..., se:cdpVersion: 85.0, setWindowRect: true, strictFileInteractability: false, timeouts: {implicit: 0, pageLoad: 300000, script: 30000}, unhandledPromptBehavior: dismiss and notify}
Element: [[FirefoxDriver: firefox on windows (6e1d4c1f-b9ee-47d5-8d5a-f7a600fd29c9)] -&amp;gt; xpath: //p[text()=&amp;apos;Publish Offer&amp;apos;]]
Session ID: 6e1d4c1f-b9ee-47d5-8d5a-f7a600fd29c9">
      <![CDATA[org.openqa.selenium.ElementClickInterceptedException: Element <p class="MuiTypography-root MuiTypography-body1 css-jd79pv"> is not clickable at point (425,405) because another element <p class="MuiTypography-root MuiTypography-body1 css-k36ljx"> obscures it
Build info: version: '4.16.1', revision: '9b4c83354e'
System info: os.name: 'Windows 10', os.arch: 'amd64', os.version: '10.0', java.version: '17.0.7'
Driver info: org.openqa.selenium.firefox.FirefoxDriver
Command: [6e1d4c1f-b9ee-47d5-8d5a-f7a600fd29c9, clickElement {id=d9615232-9848-4e2e-8857-595e4f31d734}]
Capabilities {acceptInsecureCerts: true, browserName: firefox, browserVersion: 121.0, moz:accessibilityChecks: false, moz:buildID: 20231211174248, moz:debuggerAddress: 127.0.0.1:15015, moz:geckodriverVersion: 0.33.0, moz:headless: false, moz:platformVersion: 10.0, moz:processID: 11660, moz:profile: C:\Users\Admin\AppData\Loca..., moz:shutdownTimeout: 60000, moz:webdriverClick: true, moz:windowless: false, pageLoadStrategy: normal, platformName: windows, proxy: Proxy(), se:cdp: ws://127.0.0.1:15015/devtoo..., se:cdpVersion: 85.0, setWindowRect: true, strictFileInteractability: false, timeouts: {implicit: 0, pageLoad: 300000, script: 30000}, unhandledPromptBehavior: dismiss and notify}
Element: [[FirefoxDriver: firefox on windows (6e1d4c1f-b9ee-47d5-8d5a-f7a600fd29c9)] -> xpath: //p[text()='Publish Offer']]
Session ID: 6e1d4c1f-b9ee-47d5-8d5a-f7a600fd29c9
at org.openqa.selenium.remote.codec.w3c.W3CHttpResponseCodec.createException(W3CHttpResponseCodec.java:200)
at org.openqa.selenium.remote.codec.w3c.W3CHttpResponseCodec.decode(W3CHttpResponseCodec.java:133)
at org.openqa.selenium.remote.codec.w3c.W3CHttpResponseCodec.decode(W3CHttpResponseCodec.java:52)
at org.openqa.selenium.remote.HttpCommandExecutor.execute(HttpCommandExecutor.java:191)
at org.openqa.selenium.remote.service.DriverCommandExecutor.invokeExecute(DriverCommandExecutor.java:200)
at org.openqa.selenium.remote.service.DriverCommandExecutor.execute(DriverCommandExecutor.java:175)
at org.openqa.selenium.remote.RemoteWebDriver.execute(RemoteWebDriver.java:523)
at org.openqa.selenium.remote.RemoteWebElement.execute(RemoteWebElement.java:224)
at org.openqa.selenium.remote.RemoteWebElement.click(RemoteWebElement.java:77)
at org.openqa.selenium.support.pagefactory.internal.LocatingElementHandler.invoke(LocatingElementHandler.java:51)
at jdk.proxy2/jdk.proxy2.$Proxy13.click(Unknown Source)
at vendorLogin.Offers.CreateSlotOfferForParticular(Offers.java:159)
at java.base/java.util.ArrayList.forEach(ArrayList.java:1511)
... Removed 36 stack frames]]>
    </failure>
  </testcase> <!-- CreateSlotOfferForParticular -->
  <testcase classname="vendorLogin.Slots" name="UnBlockSlotsMultiple" time="3.506">
    <failure type="org.openqa.selenium.ElementClickInterceptedException" message="Element &amp;lt;button class=&amp;quot;MuiButtonBase-root MuiButton-root MuiButton-contained MuiButton-containedPrimary MuiButton-sizeMedium MuiButton-containedSizeMedium MuiButton-fullWidth MuiButton-root MuiButton-contained MuiButton-containedPrimary MuiButton-sizeMedium MuiButton-containedSizeMedium MuiButton-fullWidth css-1aih38u&amp;quot; type=&amp;quot;button&amp;quot;&amp;gt; is not clickable at point (1082,219) because another element &amp;lt;span class=&amp;quot;MuiTypography-root MuiTypography-caption MuiDayPicker-weekDayLabel css-1hri1qj&amp;quot;&amp;gt; obscures it
Build info: version: &amp;apos;4.16.1&amp;apos;, revision: &amp;apos;9b4c83354e&amp;apos;
System info: os.name: &amp;apos;Windows 10&amp;apos;, os.arch: &amp;apos;amd64&amp;apos;, os.version: &amp;apos;10.0&amp;apos;, java.version: &amp;apos;17.0.7&amp;apos;
Driver info: org.openqa.selenium.firefox.FirefoxDriver
Command: [1b69cef1-bf30-423b-9699-769cda8eb1fd, clickElement {id=9ab30cca-9b8b-4c17-8406-e5e22fce24f4}]
Capabilities {acceptInsecureCerts: true, browserName: firefox, browserVersion: 121.0, moz:accessibilityChecks: false, moz:buildID: 20231211174248, moz:debuggerAddress: 127.0.0.1:3147, moz:geckodriverVersion: 0.33.0, moz:headless: false, moz:platformVersion: 10.0, moz:processID: 10976, moz:profile: C:\Users\Admin\AppData\Loca..., moz:shutdownTimeout: 60000, moz:webdriverClick: true, moz:windowless: false, pageLoadStrategy: normal, platformName: windows, proxy: Proxy(), se:cdp: ws://127.0.0.1:3147/devtool..., se:cdpVersion: 85.0, setWindowRect: true, strictFileInteractability: false, timeouts: {implicit: 0, pageLoad: 300000, script: 30000}, unhandledPromptBehavior: dismiss and notify}
Element: [[FirefoxDriver: firefox on windows (1b69cef1-bf30-423b-9699-769cda8eb1fd)] -&amp;gt; xpath: //button[normalize-space()=&amp;apos;Multiple UnBlock&amp;apos;]]
Session ID: 1b69cef1-bf30-423b-9699-769cda8eb1fd">
      <![CDATA[org.openqa.selenium.ElementClickInterceptedException: Element <button class="MuiButtonBase-root MuiButton-root MuiButton-contained MuiButton-containedPrimary MuiButton-sizeMedium MuiButton-containedSizeMedium MuiButton-fullWidth MuiButton-root MuiButton-contained MuiButton-containedPrimary MuiButton-sizeMedium MuiButton-containedSizeMedium MuiButton-fullWidth css-1aih38u" type="button"> is not clickable at point (1082,219) because another element <span class="MuiTypography-root MuiTypography-caption MuiDayPicker-weekDayLabel css-1hri1qj"> obscures it
Build info: version: '4.16.1', revision: '9b4c83354e'
System info: os.name: 'Windows 10', os.arch: 'amd64', os.version: '10.0', java.version: '17.0.7'
Driver info: org.openqa.selenium.firefox.FirefoxDriver
Command: [1b69cef1-bf30-423b-9699-769cda8eb1fd, clickElement {id=9ab30cca-9b8b-4c17-8406-e5e22fce24f4}]
Capabilities {acceptInsecureCerts: true, browserName: firefox, browserVersion: 121.0, moz:accessibilityChecks: false, moz:buildID: 20231211174248, moz:debuggerAddress: 127.0.0.1:3147, moz:geckodriverVersion: 0.33.0, moz:headless: false, moz:platformVersion: 10.0, moz:processID: 10976, moz:profile: C:\Users\Admin\AppData\Loca..., moz:shutdownTimeout: 60000, moz:webdriverClick: true, moz:windowless: false, pageLoadStrategy: normal, platformName: windows, proxy: Proxy(), se:cdp: ws://127.0.0.1:3147/devtool..., se:cdpVersion: 85.0, setWindowRect: true, strictFileInteractability: false, timeouts: {implicit: 0, pageLoad: 300000, script: 30000}, unhandledPromptBehavior: dismiss and notify}
Element: [[FirefoxDriver: firefox on windows (1b69cef1-bf30-423b-9699-769cda8eb1fd)] -> xpath: //button[normalize-space()='Multiple UnBlock']]
Session ID: 1b69cef1-bf30-423b-9699-769cda8eb1fd
at org.openqa.selenium.remote.codec.w3c.W3CHttpResponseCodec.createException(W3CHttpResponseCodec.java:200)
at org.openqa.selenium.remote.codec.w3c.W3CHttpResponseCodec.decode(W3CHttpResponseCodec.java:133)
at org.openqa.selenium.remote.codec.w3c.W3CHttpResponseCodec.decode(W3CHttpResponseCodec.java:52)
at org.openqa.selenium.remote.HttpCommandExecutor.execute(HttpCommandExecutor.java:191)
at org.openqa.selenium.remote.service.DriverCommandExecutor.invokeExecute(DriverCommandExecutor.java:200)
at org.openqa.selenium.remote.service.DriverCommandExecutor.execute(DriverCommandExecutor.java:175)
at org.openqa.selenium.remote.RemoteWebDriver.execute(RemoteWebDriver.java:523)
at org.openqa.selenium.remote.RemoteWebElement.execute(RemoteWebElement.java:224)
at org.openqa.selenium.remote.RemoteWebElement.click(RemoteWebElement.java:77)
at org.openqa.selenium.support.pagefactory.internal.LocatingElementHandler.invoke(LocatingElementHandler.java:51)
at jdk.proxy2/jdk.proxy2.$Proxy13.click(Unknown Source)
at vendorLogin.Slots.UnBlockSlotsMultiple(Slots.java:321)
at java.base/java.util.ArrayList.forEach(ArrayList.java:1511)
... Removed 35 stack frames]]>
    </failure>
  </testcase> <!-- UnBlockSlotsMultiple -->
  <testcase classname="vendorLogin.Offers" name="CreateAdjacentOfferForAll" time="0.0">
    <ignored/>
  </testcase> <!-- CreateAdjacentOfferForAll -->
  <testcase classname="vendorLogin.Slots" name="UnBlockSlotSingle" time="0.0">
    <ignored/>
  </testcase> <!-- UnBlockSlotSingle -->
  <testcase classname="vendorLogin.Offers" name="ViewOfferFlatOfferUpcoming" time="0.0">
    <ignored/>
  </testcase> <!-- ViewOfferFlatOfferUpcoming -->
  <testcase classname="vendorLogin.Offers" name="ActionButtonForSlotOffer" time="0.0">
    <ignored/>
  </testcase> <!-- ActionButtonForSlotOffer -->
  <testcase classname="vendorLogin.Offers" name="CreateHappyHoursForAll" time="0.0">
    <ignored/>
  </testcase> <!-- CreateHappyHoursForAll -->
  <testcase classname="vendorLogin.Slots" name="BlockSlotSingle" time="0.0">
    <ignored/>
  </testcase> <!-- BlockSlotSingle -->
  <testcase classname="vendorLogin.Offers" name="CreateFirstTimeOfferForParticular" time="0.0">
    <ignored/>
  </testcase> <!-- CreateFirstTimeOfferForParticular -->
  <testcase classname="vendorLogin.Offers" name="ViewOfferHappyHoursUpcoming" time="0.0">
    <ignored/>
  </testcase> <!-- ViewOfferHappyHoursUpcoming -->
  <testcase classname="vendorLogin.Offers" name="ViewOfferSlotOfferUpcoming" time="0.0">
    <ignored/>
  </testcase> <!-- ViewOfferSlotOfferUpcoming -->
  <testcase classname="vendorLogin.Offers" name="ActionButtonForFlatOffer" time="0.0">
    <ignored/>
  </testcase> <!-- ActionButtonForFlatOffer -->
  <testcase classname="vendorLogin.Offers" name="ViewOfferFlatOfferActive" time="0.0">
    <ignored/>
  </testcase> <!-- ViewOfferFlatOfferActive -->
  <testcase classname="vendorLogin.Offers" name="ViewOfferFlatOfferExpired" time="0.0">
    <ignored/>
  </testcase> <!-- ViewOfferFlatOfferExpired -->
  <testcase classname="vendorLogin.Offers" name="CreateHappyHoursForParticular" time="0.0">
    <ignored/>
  </testcase> <!-- CreateHappyHoursForParticular -->
  <testcase classname="vendorLogin.Offers" name="ViewOfferSlotOfferExpired" time="0.0">
    <ignored/>
  </testcase> <!-- ViewOfferSlotOfferExpired -->
  <testcase classname="vendorLogin.Offers" name="CreateFlatOfferForAll" time="0.0">
    <ignored/>
  </testcase> <!-- CreateFlatOfferForAll -->
  <testcase classname="vendorLogin.Offers" name="ViewOfferAdjacentOfferActive" time="0.0">
    <ignored/>
  </testcase> <!-- ViewOfferAdjacentOfferActive -->
  <testcase classname="vendorLogin.Slots" name="ViewSlot2" time="0.0">
    <ignored/>
  </testcase> <!-- ViewSlot2 -->
  <testcase classname="vendorLogin.Slots" name="ViewSlot1" time="0.0">
    <ignored/>
  </testcase> <!-- ViewSlot1 -->
  <testcase classname="vendorLogin.Offers" name="ActionButtonForHappyHours" time="0.0">
    <ignored/>
  </testcase> <!-- ActionButtonForHappyHours -->
  <testcase classname="vendorLogin.Offers" name="CreateSlotOfferForAll" time="0.0">
    <ignored/>
  </testcase> <!-- CreateSlotOfferForAll -->
  <testcase classname="vendorLogin.Offers" name="ViewOfferHappyHoursExpired" time="0.0">
    <ignored/>
  </testcase> <!-- ViewOfferHappyHoursExpired -->
  <testcase classname="vendorLogin.Slots" name="CreateSlots1" time="0.0">
    <ignored/>
  </testcase> <!-- CreateSlots1 -->
  <testcase classname="vendorLogin.Slots" name="BlockSlotsMultiple" time="0.0">
    <ignored/>
  </testcase> <!-- BlockSlotsMultiple -->
  <testcase classname="vendorLogin.Offers" name="ViewOfferFirstTimeOfferExpired" time="0.0">
    <ignored/>
  </testcase> <!-- ViewOfferFirstTimeOfferExpired -->
  <testcase classname="vendorLogin.Offers" name="CreateFirstTimeOfferForAll" time="0.0">
    <ignored/>
  </testcase> <!-- CreateFirstTimeOfferForAll -->
  <testcase classname="vendorLogin.Slots" name="CreateSlots5" time="0.0">
    <ignored/>
  </testcase> <!-- CreateSlots5 -->
  <testcase classname="vendorLogin.Slots" name="CreateSlots4" time="0.0">
    <ignored/>
  </testcase> <!-- CreateSlots4 -->
  <testcase classname="vendorLogin.Offers" name="ActionButtonForFirstTimeOffer" time="0.0">
    <ignored/>
  </testcase> <!-- ActionButtonForFirstTimeOffer -->
  <testcase classname="vendorLogin.Slots" name="CreateSlots3" time="0.0">
    <ignored/>
  </testcase> <!-- CreateSlots3 -->
  <testcase classname="vendorLogin.Offers" name="CreateFlatOfferForParticular" time="0.0">
    <ignored/>
  </testcase> <!-- CreateFlatOfferForParticular -->
  <testcase classname="vendorLogin.Slots" name="CreateSlots2" time="0.0">
    <ignored/>
  </testcase> <!-- CreateSlots2 -->
  <testcase classname="vendorLogin.Slots" name="ViewSlot3" time="0.0">
    <ignored/>
  </testcase> <!-- ViewSlot3 -->
  <testcase classname="vendorLogin.Offers" name="ViewOfferFirstTimeOfferUpcoming" time="0.0">
    <ignored/>
  </testcase> <!-- ViewOfferFirstTimeOfferUpcoming -->
  <testcase classname="vendorLogin.Offers" name="ViewOfferSlotOfferActive" time="0.0">
    <ignored/>
  </testcase> <!-- ViewOfferSlotOfferActive -->
  <testcase classname="vendorLogin.Offers" name="ViewOfferAdjacentOfferUpcoming" time="0.0">
    <ignored/>
  </testcase> <!-- ViewOfferAdjacentOfferUpcoming -->
  <testcase classname="vendorLogin.Slots" name="CreateSlots7" time="0.0">
    <ignored/>
  </testcase> <!-- CreateSlots7 -->
  <testcase classname="vendorLogin.Slots" name="CreateSlots6" time="0.0">
    <ignored/>
  </testcase> <!-- CreateSlots6 -->
  <testcase classname="vendorLogin.Offers" name="ViewOfferAdjacentOfferExpired" time="0.0">
    <ignored/>
  </testcase> <!-- ViewOfferAdjacentOfferExpired -->
  <testcase classname="vendorLogin.Offers" name="CreateAdjacentOfferForParticular" time="0.0">
    <ignored/>
  </testcase> <!-- CreateAdjacentOfferForParticular -->
  <testcase classname="vendorLogin.Offers" name="ActionButtonForAdjacentOffer" time="0.0">
    <ignored/>
  </testcase> <!-- ActionButtonForAdjacentOffer -->
  <testcase classname="vendorLogin.Offers" name="ViewOfferFirstTimeOfferActive" time="0.0">
    <ignored/>
  </testcase> <!-- ViewOfferFirstTimeOfferActive -->
  <testcase classname="vendorLogin.Offers" name="ViewOfferHappyHoursActive" time="0.0">
    <ignored/>
  </testcase> <!-- ViewOfferHappyHoursActive -->
</testsuite> <!-- Test(failed)(failed)(failed) -->
